<?xml version="1.0" encoding="UTF-8"?>
<!-- Generated by org.testng.reporters.JUnitXMLReporter -->
<testsuite ignored="1" hostname="DESKTOP-HKBQ6K6" failures="0" tests="1" name="TestRunner1" time="0.095" errors="0" timestamp="2021-11-08T15:15:48 IST">
  <testcase classname="com.crm.comcast.genericutility.BaseClass" name="@BeforeClass configBC" time="-1.636364748546E9">
    <failure type="org.testng.TestNGException" message="
Parameter &amp;apos;browser&amp;apos; is required by BeforeClass on method configBC but has not been marked @Optional or defined
in D:\WCSM9\SDET_24_MavenProject\testng_parallel.xml">
      <![CDATA[org.testng.TestNGException: 
Parameter 'browser' is required by BeforeClass on method configBC but has not been marked @Optional or defined
in D:\WCSM9\SDET_24_MavenProject\testng_parallel.xml
at java.base/java.util.ArrayList.forEach(ArrayList.java:1511)
at java.base/java.util.concurrent.FutureTask.run(FutureTask.java:264)
at java.base/java.util.concurrent.ThreadPoolExecutor.runWorker(ThreadPoolExecutor.java:1130)
at java.base/java.util.concurrent.ThreadPoolExecutor$Worker.run(ThreadPoolExecutor.java:630)
at java.base/java.lang.Thread.run(Thread.java:831)
... Removed 13 stack frames]]>
    </failure>
  </testcase> <!-- @BeforeClass configBC -->
  <testcase classname="com.crm.comcast.genericutility.BaseClass" name="@BeforeMethod ConfigBm" time="-1.636364748576E9">
    <skipped/>
  </testcase> <!-- @BeforeMethod ConfigBm -->
  <testcase classname="com.crm.comcast.genericutility.BaseClass" name="@AfterMethod ConfigAM" time="-1.636364748589E9">
    <skipped/>
  </testcase> <!-- @AfterMethod ConfigAM -->
  <testcase classname="com.crm.comcast.genericutility.BaseClass" name="@BeforeClass configBC" time="-1.636364748594E9">
    <failure type="org.testng.TestNGException" message="
Parameter &amp;apos;browser&amp;apos; is required by BeforeClass on method configBC but has not been marked @Optional or defined
in D:\WCSM9\SDET_24_MavenProject\testng_parallel.xml">
      <![CDATA[org.testng.TestNGException: 
Parameter 'browser' is required by BeforeClass on method configBC but has not been marked @Optional or defined
in D:\WCSM9\SDET_24_MavenProject\testng_parallel.xml
at java.base/java.util.ArrayList.forEach(ArrayList.java:1511)
at java.base/java.util.concurrent.FutureTask.run(FutureTask.java:264)
at java.base/java.util.concurrent.ThreadPoolExecutor.runWorker(ThreadPoolExecutor.java:1130)
at java.base/java.util.concurrent.ThreadPoolExecutor$Worker.run(ThreadPoolExecutor.java:630)
at java.base/java.lang.Thread.run(Thread.java:831)
... Removed 13 stack frames]]>
    </failure>
  </testcase> <!-- @BeforeClass configBC -->
  <testcase classname="com.crm.comcast.genericutility.BaseClass" name="@BeforeMethod ConfigBm" time="-1.636364748602E9">
    <skipped/>
  </testcase> <!-- @BeforeMethod ConfigBm -->
  <testcase classname="com.crm.comcast.genericutility.BaseClass" name="@AfterClass configAc" time="-1.636364748603E9">
    <skipped/>
  </testcase> <!-- @AfterClass configAc -->
  <testcase classname="com.crm.comcast.genericutility.BaseClass" name="@AfterMethod ConfigAM" time="-1.636364748615E9">
    <skipped/>
  </testcase> <!-- @AfterMethod ConfigAM -->
  <testcase classname="com.crm.comcast.genericutility.BaseClass" name="@AfterClass configAc" time="-1.636364748624E9">
    <skipped/>
  </testcase> <!-- @AfterClass configAc -->
  <testcase classname="com.crm.comcast.CreateOrganizationPom.CreateOrgwithBaseclassTest" name="CreateOrganization" time="0.0">
    <skipped/>
  </testcase> <!-- CreateOrganization -->
  <testcase classname="com.crm.comcast.CreateOrganizationPom.CreateOrgwithBaseclassTest" name="createOrgwith" time="0.0">
    <ignored/>
  </testcase> <!-- createOrgwith -->
</testsuite> <!-- TestRunner1 -->
